Logged in as Spectre#6450!
Executing assign command
Executing assign command
Removed old channel data for user ghost.2628
Removed permissions for old channel: invisible
Error assigning channel: DiscordAPIError[10062]: Unknown interaction
    at handleErrors (/home/ubuntu/spectre/node_modules/@discordjs/rest/dist/index.js:730:13)
    at process.processTicksAndRejections (node:internal/process/task_queues:95:5)
    at async BurstHandler.runRequest (/home/ubuntu/spectre/node_modules/@discordjs/rest/dist/index.js:835:23)
    at async _REST.request (/home/ubuntu/spectre/node_modules/@discordjs/rest/dist/index.js:1278:22)
    at async ChatInputCommandInteraction.reply (/home/ubuntu/spectre/node_modules/discord.js/src/structures/interfaces/InteractionResponses.js:114:5)
    at async Object.execute (/home/ubuntu/spectre/commands/assign.js:105:13)
    at async Object.execute (/home/ubuntu/spectre/events/interaction.js:16:17) {
  requestBody: { files: [], json: { type: 4, data: [Object] } },
  rawError: { message: 'Unknown interaction', code: 10062 },
  code: 10062,
  status: 404,
  method: 'POST',
  url: 'https://discord.com/api/v10/interactions/1287494222026510406/aW50ZXJhY3Rpb246MTI4NzQ5NDIyMjAyNjUxMDQwNjozcFRPQXF0SUt6a2Y0UkNGbnpEV0xyYkk4SlBRdkxWVkRoZlBOOU85RkR2ZkROWFhYaXdGZ3JNb0tubUZNQk05RXk1NlNxc1NzUFMzNmZkWGlMZTlxNUNDaGpvR2plT1BqckpKZXpyODVkWDI4aG1JeHpjY0E0TXVPZmVhb0F5UQ/callback'
}
Error executing command: DiscordAPIError[10062]: Unknown interaction
node:events:497
      throw er; // Unhandled 'error' event
      ^

DiscordAPIError[10062]: Unknown interaction
    at handleErrors (/home/ubuntu/spectre/node_modules/@discordjs/rest/dist/index.js:730:13)
    at process.processTicksAndRejections (node:internal/process/task_queues:95:5)
    at async BurstHandler.runRequest (/home/ubuntu/spectre/node_modules/@discordjs/rest/dist/index.js:835:23)
    at async _REST.request (/home/ubuntu/spectre/node_modules/@discordjs/rest/dist/index.js:1278:22)
    at async ChatInputCommandInteraction.reply (/home/ubuntu/spectre/node_modules/discord.js/src/structures/interfaces/InteractionResponses.js:114:5)
    at async Object.execute (/home/ubuntu/spectre/events/interaction.js:19:17)
Emitted 'error' event on Client instance at:
    at emitUnhandledRejectionOrErr (node:events:402:10)
    at process.processTicksAndRejections (node:internal/process/task_queues:84:21) {
  requestBody: {
    files: [],
    json: {
      type: 4,
      data: {
        content: 'There was an error executing this command!',
        tts: false,
        nonce: undefined,
        enforce_nonce: false,
        embeds: undefined,
        components: undefined,
        username: undefined,
        avatar_url: undefined,
        allowed_mentions: undefined,
        flags: 64,
        message_reference: undefined,
        attachments: undefined,
        sticker_ids: undefined,
        thread_name: undefined,
        applied_tags: undefined,
        poll: undefined
      }
    }
  },
  rawError: { message: 'Unknown interaction', code: 10062 },
  code: 10062,
  status: 404,
  method: 'POST',
  url: 'https://discord.com/api/v10/interactions/1287494222026510406/aW50ZXJhY3Rpb246MTI4NzQ5NDIyMjAyNjUxMDQwNjozcFRPQXF0SUt6a2Y0UkNGbnpEV0xyYkk4SlBRdkxWVkRoZlBOOU85RkR2ZkROWFhYaXdGZ3JNb0tubUZNQk05RXk1NlNxc1NzUFMzNmZkWGlMZTlxNUNDaGpvR2plT1BqckpKZXpyODVkWDI4aG1JeHpjY0E0TXVPZmVhb0F5UQ/callback'
}

Node.js v20.17.0
