[Wed Apr  1 14:31:21 GMT 2026] Git pull output: From https://github.com/MrGhost111/spectre
   bcb2658e6..ad89a76bd  main       -> origin/main
error: Unable to create '/home/opc/spectre/.git/index.lock': File exists.

Another git process seems to be running in this repository, e.g.
an editor opened by 'git commit'. Please make sure all processes
are terminated then try again. If it still fails, a git process
may have crashed in this repository earlier:
remove the file manually to continue.
Updating bcb2658e6..ad89a76bd
[Wed Apr  1 14:31:21 GMT 2026] ERROR: Git pull failed
[Wed Apr  1 14:36:24 GMT 2026] Git pull output: Already up to date.
error: Your local changes to the following files would be overwritten by merge:
	update.log
Please commit your changes or stash them before you merge.
Aborting
On branch main
Your branch is up to date with 'origin/main'.

Changes not staged for commit:
  (use "git add <file>..." to update what will be committed)
  (use "git restore <file>..." to discard changes in working directory)
	modified:   update.log

no changes added to commit (use "git add" and/or "git commit -a")
The stash entry is kept in case you need it again.
[Wed Apr  1 14:36:38 GMT 2026] Local changes detected, committing...
